<?xml version="1.0" encoding="UTF-8"?>
<testng-results ignored="0" total="1" passed="1" failed="0" skipped="0">
  <reporter-output>
  </reporter-output>
  <suite started-at="2025-03-02T18:40:33 EST" name="Default suite" finished-at="2025-03-02T18:40:49 EST" duration-ms="15772">
    <groups>
    </groups>
    <test started-at="2025-03-02T18:40:33 EST" name="Default test" finished-at="2025-03-02T18:40:49 EST" duration-ms="15772">
      <class name="tests.LeadsTest">
        <test-method is-config="true" signature="preConditions()[pri:0, instance:tests.LeadsTest@f5acb9d]" started-at="2025-03-02T18:40:33 EST" name="preConditions" finished-at="2025-03-02T18:40:37 EST" duration-ms="4265" status="PASS">
          <reporter-output>
          </reporter-output>
        </test-method> <!-- preConditions -->
        <test-method signature="newLeadSave_TC24()[pri:0, instance:tests.LeadsTest@f5acb9d]" started-at="2025-03-02T18:40:37 EST" name="newLeadSave_TC24" finished-at="2025-03-02T18:40:49 EST" duration-ms="11230" status="PASS">
          <reporter-output>
          </reporter-output>
        </test-method> <!-- newLeadSave_TC24 -->
        <test-method is-config="true" signature="postCondition()[pri:0, instance:tests.LeadsTest@f5acb9d]" started-at="2025-03-02T18:40:49 EST" name="postCondition" finished-at="2025-03-02T18:40:49 EST" duration-ms="247" status="PASS">
          <reporter-output>
          </reporter-output>
        </test-method> <!-- postCondition -->
      </class> <!-- tests.LeadsTest -->
    </test> <!-- Default test -->
  </suite> <!-- Default suite -->
</testng-results>
